<?xml version="1.0" encoding="UTF-8"?>
<!-- Generated by org.testng.reporters.JUnitReportReporter -->
<testsuite name="sample.sampler" tests="1" time="13.675" ignored="0" failures="0" timestamp="04 Apr 2019 17:06:24 GMT" skipped="0" hostname="Swamy-PC" errors="0">
  <testcase name="Test1" time="13.675" classname="sample.sampler"/>
</testsuite> <!-- sample.sampler -->
